[debug] [2025-08-17T08:32:09.896Z] ----------------------------------------------------------------------
[debug] [2025-08-17T08:32:09.901Z] Command:       C:\Program Files\nodejs\node.exe C:\Users\shahryar\AppData\Roaming\npm\node_modules\firebase-tools\lib\bin\firebase.js init
[debug] [2025-08-17T08:32:09.902Z] CLI Version:   14.12.1
[debug] [2025-08-17T08:32:09.902Z] Platform:      win32
[debug] [2025-08-17T08:32:09.902Z] Node Version:  v22.17.0
[debug] [2025-08-17T08:32:09.903Z] Time:          Sun Aug 17 2025 13:32:09 GMT+0500 (Pakistan Standard Time)
[debug] [2025-08-17T08:32:09.903Z] ----------------------------------------------------------------------
[debug] 
[debug] [2025-08-17T08:32:09.915Z] > command requires scopes: ["email","openid","https://www.googleapis.com/auth/cloudplatformprojects.readonly","https://www.googleapis.com/auth/firebase","https://www.googleapis.com/auth/cloud-platform"]
[debug] [2025-08-17T08:32:09.916Z] > authorizing via signed-in user (shahryarlakho@gmail.com)
[info] 
     ######## #### ########  ######## ########     ###     ######  ########
     ##        ##  ##     ## ##       ##     ##  ##   ##  ##       ##
     ######    ##  ########  ######   ########  #########  ######  ######
     ##        ##  ##    ##  ##       ##     ## ##     ##       ## ##
     ##       #### ##     ## ######## ########  ##     ##  ######  ########

You're about to initialize a Firebase project in this directory:

  C:\Users\shahryar\Desktop\login-fullstack

[info] 
=== Project Setup
[info] 
[info] First, let's associate this project directory with a Firebase project.
[info] You can create multiple project aliases by running firebase use --add, 
[info] but for now we'll just set up a default project.
[info] 
[info] i  If you want to create a project in a Google Cloud organization or folder, please use "firebase projects:create" instead, and return to this command when you've created the project. 
[debug] [2025-08-17T08:37:22.053Z] Checked if tokens are valid: true, expires at: 1755422768474
[debug] [2025-08-17T08:37:22.054Z] Checked if tokens are valid: true, expires at: 1755422768474
[debug] [2025-08-17T08:37:22.058Z] >>> [apiv2][query] POST https://firebase.googleapis.com/v1/projects:checkProjectId [none]
[debug] [2025-08-17T08:37:22.058Z] >>> [apiv2][body] POST https://firebase.googleapis.com/v1/projects:checkProjectId {"proposedId":"login-fullstack-app"}
[debug] [2025-08-17T08:37:23.400Z] <<< [apiv2][status] POST https://firebase.googleapis.com/v1/projects:checkProjectId 200
[debug] [2025-08-17T08:37:23.400Z] <<< [apiv2][body] POST https://firebase.googleapis.com/v1/projects:checkProjectId {"projectIdStatus":"PROJECT_ID_AVAILABLE","suggestedProjectId":"login-fullstack-app"}
[debug] [2025-08-17T08:38:33.387Z] Checked if tokens are valid: true, expires at: 1755422768474
[debug] [2025-08-17T08:38:33.387Z] Checked if tokens are valid: true, expires at: 1755422768474
[debug] [2025-08-17T08:38:33.388Z] >>> [apiv2][query] POST https://cloudresourcemanager.googleapis.com/v1/projects [none]
[debug] [2025-08-17T08:38:33.388Z] >>> [apiv2][body] POST https://cloudresourcemanager.googleapis.com/v1/projects {"projectId":"login-fullstack-app","name":"Login Fullstack App."}
[debug] [2025-08-17T08:38:35.304Z] <<< [apiv2][status] POST https://cloudresourcemanager.googleapis.com/v1/projects 400
[debug] [2025-08-17T08:38:35.304Z] <<< [apiv2][body] POST https://cloudresourcemanager.googleapis.com/v1/projects {"error":{"code":400,"message":"field [display_name] has issue [project display name contains invalid characters]","status":"INVALID_ARGUMENT","details":[{"@type":"type.googleapis.com/google.rpc.BadRequest","fieldViolations":[{"field":"display_name","description":"project display name contains invalid characters"}]},{"@type":"type.googleapis.com/google.rpc.Help","links":[{"url":"https://cloud.google.com/resource-manager/reference/rest/v1/projects"}]}]}}
[debug] [2025-08-17T08:38:36.245Z] FirebaseError: Request to https://cloudresourcemanager.googleapis.com/v1/projects had HTTP Error: 400, field [display_name] has issue [project display name contains invalid characters]
    at responseToError (C:\Users\shahryar\AppData\Roaming\npm\node_modules\firebase-tools\lib\responseToError.js:52:12)
    at RetryOperation._fn (C:\Users\shahryar\AppData\Roaming\npm\node_modules\firebase-tools\lib\apiv2.js:312:77)
    at process.processTicksAndRejections (node:internal/process/task_queues:105:5)
[error] 
[error] Error: Failed to create project. See firebase-debug.log for more info.
[debug] [2025-08-17T15:03:55.952Z] ----------------------------------------------------------------------
[debug] [2025-08-17T15:03:55.958Z] Command:       C:\Program Files\nodejs\node.exe C:\Users\shahryar\AppData\Roaming\npm\node_modules\firebase-tools\lib\bin\firebase.js login
[debug] [2025-08-17T15:03:55.959Z] CLI Version:   14.12.1
[debug] [2025-08-17T15:03:55.959Z] Platform:      win32
[debug] [2025-08-17T15:03:55.959Z] Node Version:  v22.17.0
[debug] [2025-08-17T15:03:55.960Z] Time:          Sun Aug 17 2025 20:03:55 GMT+0500 (Pakistan Standard Time)
[debug] [2025-08-17T15:03:55.960Z] ----------------------------------------------------------------------
[debug] 
[info] Already logged in as shahryarlakho@gmail.com
[debug] [2025-08-17T15:04:06.099Z] Error: Timed out.
    at Timeout._onTimeout (C:\Users\shahryar\AppData\Roaming\npm\node_modules\firebase-tools\lib\utils.js:273:49)
    at listOnTimeout (node:internal/timers:588:17)
    at process.processTimers (node:internal/timers:523:7)
[error] 
[error] Error: An unexpected error has occurred.
